#
# A fatal error has been detected by the Java Runtime Environment:
#
#  EXCEPTION_ACCESS_VIOLATION (0xc0000005) at pc=0x1000b4e1, pid=5564, tid=7872
#
# JRE version: 6.0_26-b03
# Java VM: Java HotSpot(TM) Client VM (20.1-b02 mixed mode, sharing windows-x86 )
# Problematic frame:
# C  [rxtxSerial.dll+0xb4e1]
#
# If you would like to submit a bug report, please visit:
#   http://java.sun.com/webapps/bugreport/crash.jsp
# The crash happened outside the Java Virtual Machine in native code.
# See problematic frame for where to report the bug.
#

---------------  T H R E A D  ---------------

Current thread (0x0401e000):  JavaThread "Thread-7" [_thread_in_native, id=7872, stack(0x04aa0000,0x04af0000)]

siginfo: ExceptionCode=0xc0000005, writing address 0x000000b0

Registers:
EAX=0x04aef828, EBX=0x6d882070, ECX=0x04aefbf8, EDX=0x00000000
ESP=0x04aef7e0, EBP=0x04aef7f8, ESI=0x33d04580, EDI=0x0401e000
EIP=0x1000b4e1, EFLAGS=0x00010202

Top of Stack: (sp=0x04aef7e0)
0x04aef7e0:   6d886170 6d886170 04a9f8a8 0401e128
0x04aef7f0:   04aefb04 000003e8 04aefab8 1000b5f6
0x04aef800:   04aef828 04aefb04 00000000 00000000
0x04aef810:   33d04580 00000000 00000000 00000000
0x04aef820:   00000000 00000000 00000002 00000000
0x04aef830:   00000000 00000000 00000000 00000000
0x04aef840:   00000000 00000000 00000000 00000000
0x04aef850:   00000000 00000000 00000001 00000001 

Instructions: (pc=0x1000b4e1)
0x1000b4c1:   00 00 00 89 15 0c d0 00 10 eb 2e 8b 45 08 83 b8
0x1000b4d1:   b4 00 00 00 00 74 18 8b 45 08 8b 90 b4 00 00 00
0x1000b4e1:   c7 82 b0 00 00 00 00 00 00 00 eb 0d 8d 76 00 c7
0x1000b4f1:   05 0c d0 00 10 00 00 00 00 8b 5d e8 c9 c3 65 76 


Register to memory mapping:

EAX=0x04aef828 is pointing into the stack for thread: 0x0401e000
EBX=0x6d882070 is an unknown value
ECX=0x04aefbf8 is pointing into the stack for thread: 0x0401e000
EDX=0x00000000 is an unknown value
ESP=0x04aef7e0 is pointing into the stack for thread: 0x0401e000
EBP=0x04aef7f8 is pointing into the stack for thread: 0x0401e000
ESI=0x33d04580 is an oop
{method} 
 - klass: {other class}
EDI=0x0401e000 is a thread


Stack: [0x04aa0000,0x04af0000],  sp=0x04aef7e0,  free space=317k
Native frames: (J=compiled Java code, j=interpreted, Vv=VM code, C=native code)
C  [rxtxSerial.dll+0xb4e1]  Java_gnu_io_RXTXPort_setflowcontrol+0xf01
C  [rxtxSerial.dll+0xb5f6]  Java_gnu_io_RXTXPort_eventLoop+0xda
j  gnu.io.RXTXPort.eventLoop()V+0
j  gnu.io.RXTXPort$MonitorThread.run()V+12
v  ~StubRoutines::call_stub
V  [jvm.dll+0xfae4b]
V  [jvm.dll+0x18c531]
V  [jvm.dll+0xfaff1]
V  [jvm.dll+0xfb04b]
V  [jvm.dll+0xb56b9]
V  [jvm.dll+0x1190d4]
V  [jvm.dll+0x1411ac]
C  [msvcr71.dll+0x9565]  endthreadex+0xa0
C  [kernel32.dll+0x51114]  BaseThreadInitThunk+0x12
C  [ntdll.dll+0x5b429]  RtlInitializeExceptionChain+0x63
C  [ntdll.dll+0x5b3fc]  RtlInitializeExceptionChain+0x36

Java frames: (J=compiled Java code, j=interpreted, Vv=VM code)
j  gnu.io.RXTXPort.eventLoop()V+0
j  gnu.io.RXTXPort$MonitorThread.run()V+12
v  ~StubRoutines::call_stub

---------------  P R O C E S S  ---------------

Java Threads: ( => current thread )
  0x0401dc00 JavaThread "pool-7-thread-1" [_thread_blocked, id=7436, stack(0x04a50000,0x04aa0000)]
  0x0401ec00 JavaThread "pool-5-thread-1" [_thread_blocked, id=5596, stack(0x04b40000,0x04b90000)]
  0x0401e800 JavaThread "pool-6-thread-1" [_thread_blocked, id=6892, stack(0x04af0000,0x04b40000)]
=>0x0401e000 JavaThread "Thread-7" [_thread_in_native, id=7872, stack(0x04aa0000,0x04af0000)]
  0x0401d400 JavaThread "pool-4-thread-2" [_thread_blocked, id=7256, stack(0x04a00000,0x04a50000)]
  0x0401d000 JavaThread "pool-4-thread-1" [_thread_blocked, id=7296, stack(0x049b0000,0x04a00000)]
  0x0401c800 JavaThread "uavas_tsim" [_thread_blocked, id=7168, stack(0x04960000,0x049b0000)]
  0x0401c000 JavaThread "pool-3-thread-3" [_thread_blocked, id=7068, stack(0x04830000,0x04880000)]
  0x04006400 JavaThread "pool-3-thread-2" [_thread_blocked, id=6288, stack(0x047e0000,0x04830000)]
  0x03fbf800 JavaThread "pool-3-thread-1" [_thread_blocked, id=6628, stack(0x04790000,0x047e0000)]
  0x03fbd400 JavaThread "uavas_tsim" [_thread_blocked, id=7324, stack(0x04640000,0x04690000)]
  0x03fbc400 JavaThread "pool-2-thread-3" [_thread_blocked, id=5504, stack(0x045f0000,0x04640000)]
  0x03fbb800 JavaThread "pool-1-thread-3" [_thread_blocked, id=4772, stack(0x045a0000,0x045f0000)]
  0x03fb7400 JavaThread "pool-2-thread-2" [_thread_blocked, id=7664, stack(0x04550000,0x045a0000)]
  0x03fb6c00 JavaThread "pool-2-thread-1" [_thread_blocked, id=7624, stack(0x04500000,0x04550000)]
  0x03fb6800 JavaThread "uavas_tsim" [_thread_blocked, id=6160, stack(0x044b0000,0x04500000)]
  0x03f1d000 JavaThread "pool-1-thread-2" [_thread_blocked, id=1112, stack(0x04460000,0x044b0000)]
  0x03ff9c00 JavaThread "pool-1-thread-1" [_thread_blocked, id=5780, stack(0x04410000,0x04460000)]
  0x03ff9000 JavaThread "uavas_tsim" [_thread_blocked, id=896, stack(0x043c0000,0x04410000)]
  0x019c3800 JavaThread "Low Memory Detector" daemon [_thread_blocked, id=6720, stack(0x03d20000,0x03d70000)]
  0x019bf800 JavaThread "C1 CompilerThread0" daemon [_thread_blocked, id=7348, stack(0x03cd0000,0x03d20000)]
  0x019bf000 JavaThread "Attach Listener" daemon [_thread_blocked, id=3916, stack(0x03c80000,0x03cd0000)]
  0x019bc800 JavaThread "Signal Dispatcher" daemon [_thread_blocked, id=7716, stack(0x03c30000,0x03c80000)]
  0x019aac00 JavaThread "Finalizer" daemon [_thread_blocked, id=6168, stack(0x03be0000,0x03c30000)]
  0x019a9000 JavaThread "Reference Handler" daemon [_thread_blocked, id=6852, stack(0x03b90000,0x03be0000)]
  0x00349c00 JavaThread "main" [_thread_in_native, id=8164, stack(0x00360000,0x003b0000)]

Other Threads:
  0x0196d400 VMThread [stack: 0x03b40000,0x03b90000] [id=1668]
  0x019cc800 WatcherThread [stack: 0x03d70000,0x03dc0000] [id=4656]

VM state:not at safepoint (normal execution)

VM Mutex/Monitor currently owned by a thread: None

Heap
 def new generation   total 4928K, used 1102K [0x23a60000, 0x23fb0000, 0x28fb0000)
  eden space 4416K,  19% used [0x23a60000, 0x23b3a7d0, 0x23eb0000)
  from space 512K,  44% used [0x23f30000, 0x23f69370, 0x23fb0000)
  to   space 512K,   0% used [0x23eb0000, 0x23eb0000, 0x23f30000)
 tenured generation   total 10944K, used 3572K [0x28fb0000, 0x29a60000, 0x33a60000)
   the space 10944K,  32% used [0x28fb0000, 0x2932d3b0, 0x2932d400, 0x29a60000)
 compacting perm gen  total 12288K, used 3027K [0x33a60000, 0x34660000, 0x37a60000)
   the space 12288K,  24% used [0x33a60000, 0x33d54f48, 0x33d55000, 0x34660000)
    ro space 10240K,  51% used [0x37a60000, 0x37f8dff8, 0x37f8e000, 0x38460000)
    rw space 12288K,  55% used [0x38460000, 0x38afc208, 0x38afc400, 0x39060000)

Code Cache  [0x01a30000, 0x01b18000, 0x03a30000)
 total_blobs=421 nmethods=250 adapters=107 free_code_cache=32629952 largest_free_block=0

Dynamic libraries:
0x00400000 - 0x00424000 	C:\Program Files\Java\jre6\bin\javaw.exe
0x77310000 - 0x7744d000 	C:\Windows\SYSTEM32\ntdll.dll
0x77460000 - 0x77534000 	C:\Windows\system32\kernel32.dll
0x75560000 - 0x755aa000 	C:\Windows\system32\KERNELBASE.dll
0x75d70000 - 0x75e10000 	C:\Windows\system32\ADVAPI32.dll
0x76530000 - 0x765dc000 	C:\Windows\system32\msvcrt.dll
0x772c0000 - 0x772d9000 	C:\Windows\SYSTEM32\sechost.dll
0x75e10000 - 0x75eb1000 	C:\Windows\system32\RPCRT4.dll
0x759b0000 - 0x75a79000 	C:\Windows\system32\USER32.dll
0x757c0000 - 0x7580e000 	C:\Windows\system32\GDI32.dll
0x763d0000 - 0x763da000 	C:\Windows\system32\LPK.dll
0x76490000 - 0x7652d000 	C:\Windows\system32\USP10.dll
0x75b10000 - 0x75b2f000 	C:\Windows\system32\IMM32.DLL
0x76300000 - 0x763cc000 	C:\Windows\system32\MSCTF.dll
0x7c340000 - 0x7c396000 	C:\Program Files\Java\jre6\bin\msvcr71.dll
0x6d7f0000 - 0x6da9f000 	C:\Program Files\Java\jre6\bin\client\jvm.dll
0x73f40000 - 0x73f72000 	C:\Windows\system32\WINMM.dll
0x753e0000 - 0x7542b000 	C:\Windows\system32\apphelp.dll
0x6d7a0000 - 0x6d7ac000 	C:\Program Files\Java\jre6\bin\verify.dll
0x6d320000 - 0x6d33f000 	C:\Program Files\Java\jre6\bin\java.dll
0x77450000 - 0x77455000 	C:\Windows\system32\PSAPI.DLL
0x6d7e0000 - 0x6d7ef000 	C:\Program Files\Java\jre6\bin\zip.dll
0x10000000 - 0x10012000 	C:\Program Files\Java\jre6\bin\rxtxSerial.dll
0x6c240000 - 0x6c267000 	C:\Windows\system32\crtdll.dll
0x04b90000 - 0x04bda000 	C:\Users\mthama\workspace\UAVAS\lwjgl.dll
0x63a40000 - 0x63b08000 	C:\Windows\system32\OPENGL32.dll
0x63a10000 - 0x63a32000 	C:\Windows\system32\GLU32.dll
0x717a0000 - 0x71887000 	C:\Windows\system32\DDRAW.dll
0x73530000 - 0x73536000 	C:\Windows\system32\DCIMAN32.dll
0x75810000 - 0x759ad000 	C:\Windows\system32\SETUPAPI.dll
0x75530000 - 0x75557000 	C:\Windows\system32\CFGMGR32.dll
0x75a80000 - 0x75b0f000 	C:\Windows\system32\OLEAUT32.dll
0x75ec0000 - 0x7601c000 	C:\Windows\system32\ole32.dll
0x75790000 - 0x757a2000 	C:\Windows\system32\DEVOBJ.dll
0x73a30000 - 0x73a43000 	C:\Windows\system32\dwmapi.dll
0x746e0000 - 0x746e9000 	C:\Windows\system32\VERSION.dll
0x73e40000 - 0x73e80000 	C:\Windows\system32\uxtheme.dll
0x73f20000 - 0x73f27000 	C:\Windows\system32\atiglpxx.dll
0x69030000 - 0x69ee2000 	C:\Windows\system32\atioglxx.dll
0x75d30000 - 0x75d65000 	C:\Windows\system32\WS2_32.dll
0x757b0000 - 0x757b6000 	C:\Windows\system32\NSI.dll
0x73f90000 - 0x73f97000 	C:\Windows\system32\atigktxx.dll
0x04c50000 - 0x04c8a000 	C:\Windows\system32\atiadlxx.dll
0x75760000 - 0x7578d000 	C:\Windows\system32\WINTRUST.dll
0x755b0000 - 0x756cc000 	C:\Windows\system32\CRYPT32.dll
0x75520000 - 0x7552c000 	C:\Windows\system32\MSASN1.dll

VM Arguments:
jvm_args: -Dfile.encoding=Cp1252 
java_command: simulators.uavastsim.TSimUAVAS
Launcher Type: SUN_STANDARD

Environment Variables:
CLASSPATH=.;C:\Program Files\Java\jre6\lib\ext\QTJava.zip
PATH=C:/Program Files/Java/jre6/bin/client;C:/Program Files/Java/jre6/bin;C:/Program Files/Java/jre6/lib/i386;C:\Program Files\MiKTeX 2.9\miktex\bin;C:\Windows\system32;C:\Windows;C:\Windows\System32\Wbem;C:\Windows\System32\WindowsPowerShell\v1.0\;C:\Program Files\ATI Technologies\ATI.ACE\Core-Static;C:\Program Files\Intel\WiFi\bin\;C:\Program Files\Common Files\Intel\WirelessCommon\;C:\Program Files\Hewlett-Packard\HP SimplePass Identity Protection\;c:\Program Files\Common Files\Roxio Shared\DLLShared\;c:\Program Files\Common Files\Roxio Shared\DLLShared\;c:\Program Files\Common Files\Roxio Shared\12.0\DLLShared\;C:\Program Files\TortoiseSVN\bin;C:\Program Files\Autodesk\Backburner\;C:\Program Files\Common Files\Autodesk Shared\;C:\Program Files\QuickTime\QTSystem\;C:\MinGW\bin;C:\Program Files\Intel\WiFi\bin\;C:\Program Files\Common Files\Intel\WirelessCommon\;C:\Program Files\eclipse;
USERNAME=mthama
OS=Windows_NT
PROCESSOR_IDENTIFIER=x86 Family 6 Model 37 Stepping 2, GenuineIntel



---------------  S Y S T E M  ---------------

OS: Windows 7 Build 7600 

CPU:total 4 (2 cores per cpu, 2 threads per core) family 6 model 37 stepping 2, cmov, cx8, fxsr, mmx, sse, sse2, sse3, ssse3, sse4.1, sse4.2, popcnt, ht

Memory: 4k page, physical 2545520k(867828k free), swap 5089276k(2367736k free)

vm_info: Java HotSpot(TM) Client VM (20.1-b02) for windows-x86 JRE (1.6.0_26-b03), built on May  4 2011 00:50:59 by "java_re" with MS VC++ 7.1 (VS2003)

time: Fri Sep 09 02:32:24 2011
elapsed time: 0 seconds

